<?xml version="1.0" encoding="UTF-8"?>
<testsuite xmlns:xsi="http://www.w3.org/2001/XMLSchema-instance" xsi:noNamespaceSchemaLocation="https://maven.apache.org/surefire/maven-surefire-plugin/xsd/surefire-test-report-3.0.xsd" version="3.0" name="conduitApp.conduitTest" time="5.365" tests="2" errors="1" skipped="0" failures="1">
  <properties>
    <property name="java.specification.version" value="16"/>
    <property name="sun.cpu.isalist" value="amd64"/>
    <property name="sun.jnu.encoding" value="Cp1252"/>
    <property name="java.class.path" value="C:\Users\reymund\Documents\temp-app-practice\myproject\target\test-classes;C:\Users\reymund\Documents\temp-app-practice\myproject\target\classes;C:\Users\reymund\.m2\repository\com\intuit\karate\karate-junit5\1.4.1\karate-junit5-1.4.1.jar;C:\Users\reymund\.m2\repository\com\intuit\karate\karate-core\1.4.1\karate-core-1.4.1.jar;C:\Users\reymund\.m2\repository\org\graalvm\js\js-scriptengine\22.3.3\js-scriptengine-22.3.3.jar;C:\Users\reymund\.m2\repository\org\graalvm\sdk\graal-sdk\22.3.3\graal-sdk-22.3.3.jar;C:\Users\reymund\.m2\repository\org\graalvm\js\js\22.3.3\js-22.3.3.jar;C:\Users\reymund\.m2\repository\org\graalvm\regex\regex\22.3.3\regex-22.3.3.jar;C:\Users\reymund\.m2\repository\org\graalvm\truffle\truffle-api\22.3.3\truffle-api-22.3.3.jar;C:\Users\reymund\.m2\repository\com\ibm\icu\icu4j\71.1\icu4j-71.1.jar;C:\Users\reymund\.m2\repository\org\thymeleaf\thymeleaf\3.1.2.RELEASE\thymeleaf-3.1.2.RELEASE.jar;C:\Users\reymund\.m2\repository\ognl\ognl\3.3.4\ognl-3.3.4.jar;C:\Users\reymund\.m2\repository\org\javassist\javassist\3.29.0-GA\javassist-3.29.0-GA.jar;C:\Users\reymund\.m2\repository\org\attoparser\attoparser\2.0.7.RELEASE\attoparser-2.0.7.RELEASE.jar;C:\Users\reymund\.m2\repository\org\unbescape\unbescape\1.1.6.RELEASE\unbescape-1.1.6.RELEASE.jar;C:\Users\reymund\.m2\repository\org\slf4j\slf4j-api\2.0.7\slf4j-api-2.0.7.jar;C:\Users\reymund\.m2\repository\com\linecorp\armeria\armeria\1.25.2\armeria-1.25.2.jar;C:\Users\reymund\.m2\repository\com\fasterxml\jackson\core\jackson-core\2.15.2\jackson-core-2.15.2.jar;C:\Users\reymund\.m2\repository\com\fasterxml\jackson\core\jackson-annotations\2.15.2\jackson-annotations-2.15.2.jar;C:\Users\reymund\.m2\repository\com\fasterxml\jackson\core\jackson-databind\2.15.2\jackson-databind-2.15.2.jar;C:\Users\reymund\.m2\repository\com\fasterxml\jackson\datatype\jackson-datatype-jdk8\2.15.2\jackson-datatype-jdk8-2.15.2.jar;C:\Users\reymund\.m2\repository\com\fasterxml\jackson\datatype\jackson-datatype-jsr310\2.15.2\jackson-datatype-jsr310-2.15.2.jar;C:\Users\reymund\.m2\repository\io\micrometer\micrometer-core\1.11.3\micrometer-core-1.11.3.jar;C:\Users\reymund\.m2\repository\io\micrometer\micrometer-commons\1.11.3\micrometer-commons-1.11.3.jar;C:\Users\reymund\.m2\repository\io\micrometer\micrometer-observation\1.11.3\micrometer-observation-1.11.3.jar;C:\Users\reymund\.m2\repository\org\hdrhistogram\HdrHistogram\2.1.12\HdrHistogram-2.1.12.jar;C:\Users\reymund\.m2\repository\org\latencyutils\LatencyUtils\2.0.3\LatencyUtils-2.0.3.jar;C:\Users\reymund\.m2\repository\io\netty\netty-transport\4.1.96.Final\netty-transport-4.1.96.Final.jar;C:\Users\reymund\.m2\repository\io\netty\netty-common\4.1.96.Final\netty-common-4.1.96.Final.jar;C:\Users\reymund\.m2\repository\io\netty\netty-buffer\4.1.96.Final\netty-buffer-4.1.96.Final.jar;C:\Users\reymund\.m2\repository\io\netty\netty-resolver\4.1.96.Final\netty-resolver-4.1.96.Final.jar;C:\Users\reymund\.m2\repository\io\netty\netty-codec-haproxy\4.1.96.Final\netty-codec-haproxy-4.1.96.Final.jar;C:\Users\reymund\.m2\repository\io\netty\netty-codec\4.1.96.Final\netty-codec-4.1.96.Final.jar;C:\Users\reymund\.m2\repository\io\netty\netty-codec-http2\4.1.96.Final\netty-codec-http2-4.1.96.Final.jar;C:\Users\reymund\.m2\repository\io\netty\netty-handler\4.1.96.Final\netty-handler-4.1.96.Final.jar;C:\Users\reymund\.m2\repository\io\netty\netty-codec-http\4.1.96.Final\netty-codec-http-4.1.96.Final.jar;C:\Users\reymund\.m2\repository\io\netty\netty-resolver-dns\4.1.96.Final\netty-resolver-dns-4.1.96.Final.jar;C:\Users\reymund\.m2\repository\io\netty\netty-codec-dns\4.1.96.Final\netty-codec-dns-4.1.96.Final.jar;C:\Users\reymund\.m2\repository\org\reactivestreams\reactive-streams\1.0.4\reactive-streams-1.0.4.jar;C:\Users\reymund\.m2\repository\com\google\code\findbugs\jsr305\3.0.2\jsr305-3.0.2.jar;C:\Users\reymund\.m2\repository\io\netty\netty-handler-proxy\4.1.96.Final\netty-handler-proxy-4.1.96.Final.jar;C:\Users\reymund\.m2\repository\io\netty\netty-codec-socks\4.1.96.Final\netty-codec-socks-4.1.96.Final.jar;C:\Users\reymund\.m2\repository\io\netty\netty-transport-native-unix-common\4.1.96.Final\netty-transport-native-unix-common-4.1.96.Final-linux-x86_64.jar;C:\Users\reymund\.m2\repository\io\netty\netty-transport-native-epoll\4.1.96.Final\netty-transport-native-epoll-4.1.96.Final-linux-x86_64.jar;C:\Users\reymund\.m2\repository\io\netty\netty-transport-native-unix-common\4.1.96.Final\netty-transport-native-unix-common-4.1.96.Final.jar;C:\Users\reymund\.m2\repository\io\netty\netty-transport-classes-epoll\4.1.96.Final\netty-transport-classes-epoll-4.1.96.Final.jar;C:\Users\reymund\.m2\repository\io\netty\netty-transport-native-unix-common\4.1.96.Final\netty-transport-native-unix-common-4.1.96.Final-linux-aarch_64.jar;C:\Users\reymund\.m2\repository\io\netty\netty-transport-native-epoll\4.1.96.Final\netty-transport-native-epoll-4.1.96.Final-linux-aarch_64.jar;C:\Users\reymund\.m2\repository\io\netty\netty-transport-native-unix-common\4.1.96.Final\netty-transport-native-unix-common-4.1.96.Final-osx-x86_64.jar;C:\Users\reymund\.m2\repository\io\netty\netty-transport-native-kqueue\4.1.96.Final\netty-transport-native-kqueue-4.1.96.Final-osx-x86_64.jar;C:\Users\reymund\.m2\repository\io\netty\netty-transport-classes-kqueue\4.1.96.Final\netty-transport-classes-kqueue-4.1.96.Final.jar;C:\Users\reymund\.m2\repository\io\netty\netty-resolver-dns-native-macos\4.1.96.Final\netty-resolver-dns-native-macos-4.1.96.Final-osx-x86_64.jar;C:\Users\reymund\.m2\repository\io\netty\netty-resolver-dns-classes-macos\4.1.96.Final\netty-resolver-dns-classes-macos-4.1.96.Final.jar;C:\Users\reymund\.m2\repository\io\netty\netty-transport-native-unix-common\4.1.96.Final\netty-transport-native-unix-common-4.1.96.Final-osx-aarch_64.jar;C:\Users\reymund\.m2\repository\io\netty\netty-transport-native-kqueue\4.1.96.Final\netty-transport-native-kqueue-4.1.96.Final-osx-aarch_64.jar;C:\Users\reymund\.m2\repository\io\netty\netty-resolver-dns-native-macos\4.1.96.Final\netty-resolver-dns-native-macos-4.1.96.Final-osx-aarch_64.jar;C:\Users\reymund\.m2\repository\io\netty\netty-tcnative-boringssl-static\2.0.61.Final\netty-tcnative-boringssl-static-2.0.61.Final-linux-x86_64.jar;C:\Users\reymund\.m2\repository\io\netty\netty-tcnative-classes\2.0.61.Final\netty-tcnative-classes-2.0.61.Final.jar;C:\Users\reymund\.m2\repository\io\netty\netty-tcnative-boringssl-static\2.0.61.Final\netty-tcnative-boringssl-static-2.0.61.Final-linux-aarch_64.jar;C:\Users\reymund\.m2\repository\io\netty\netty-tcnative-boringssl-static\2.0.61.Final\netty-tcnative-boringssl-static-2.0.61.Final-osx-x86_64.jar;C:\Users\reymund\.m2\repository\io\netty\netty-tcnative-boringssl-static\2.0.61.Final\netty-tcnative-boringssl-static-2.0.61.Final-osx-aarch_64.jar;C:\Users\reymund\.m2\repository\io\netty\netty-tcnative-boringssl-static\2.0.61.Final\netty-tcnative-boringssl-static-2.0.61.Final-windows-x86_64.jar;C:\Users\reymund\.m2\repository\com\aayushatharva\brotli4j\brotli4j\1.12.0\brotli4j-1.12.0.jar;C:\Users\reymund\.m2\repository\com\aayushatharva\brotli4j\service\1.12.0\service-1.12.0.jar;C:\Users\reymund\.m2\repository\com\aayushatharva\brotli4j\native-windows-x86_64\1.12.0\native-windows-x86_64-1.12.0.jar;C:\Users\reymund\.m2\repository\org\apache\httpcomponents\httpclient\4.5.14\httpclient-4.5.14.jar;C:\Users\reymund\.m2\repository\org\apache\httpcomponents\httpcore\4.4.16\httpcore-4.4.16.jar;C:\Users\reymund\.m2\repository\commons-codec\commons-codec\1.16.0\commons-codec-1.16.0.jar;C:\Users\reymund\.m2\repository\ch\qos\logback\logback-classic\1.4.11\logback-classic-1.4.11.jar;C:\Users\reymund\.m2\repository\ch\qos\logback\logback-core\1.4.11\logback-core-1.4.11.jar;C:\Users\reymund\.m2\repository\org\slf4j\jcl-over-slf4j\2.0.9\jcl-over-slf4j-2.0.9.jar;C:\Users\reymund\.m2\repository\org\antlr\antlr4-runtime\4.11.1\antlr4-runtime-4.11.1.jar;C:\Users\reymund\.m2\repository\com\jayway\jsonpath\json-path\2.8.0\json-path-2.8.0.jar;C:\Users\reymund\.m2\repository\net\minidev\json-smart\2.4.10\json-smart-2.4.10.jar;C:\Users\reymund\.m2\repository\net\minidev\accessors-smart\2.4.9\accessors-smart-2.4.9.jar;C:\Users\reymund\.m2\repository\org\ow2\asm\asm\9.3\asm-9.3.jar;C:\Users\reymund\.m2\repository\org\yaml\snakeyaml\2.0\snakeyaml-2.0.jar;C:\Users\reymund\.m2\repository\de\siegmar\fastcsv\2.2.1\fastcsv-2.2.1.jar;C:\Users\reymund\.m2\repository\info\picocli\picocli\4.7.1\picocli-4.7.1.jar;C:\Users\reymund\.m2\repository\io\github\classgraph\classgraph\4.8.160\classgraph-4.8.160.jar;C:\Users\reymund\.m2\repository\io\github\t12y\resemble\1.0.2\resemble-1.0.2.jar;C:\Users\reymund\.m2\repository\io\github\t12y\ssim\1.0.0\ssim-1.0.0.jar;C:\Users\reymund\.m2\repository\org\junit\jupiter\junit-jupiter-api\5.9.3\junit-jupiter-api-5.9.3.jar;C:\Users\reymund\.m2\repository\org\opentest4j\opentest4j\1.2.0\opentest4j-1.2.0.jar;C:\Users\reymund\.m2\repository\org\junit\platform\junit-platform-commons\1.9.3\junit-platform-commons-1.9.3.jar;C:\Users\reymund\.m2\repository\org\apiguardian\apiguardian-api\1.1.2\apiguardian-api-1.1.2.jar;C:\Users\reymund\.m2\repository\org\junit\jupiter\junit-jupiter-engine\5.9.3\junit-jupiter-engine-5.9.3.jar;C:\Users\reymund\.m2\repository\org\junit\platform\junit-platform-engine\1.9.3\junit-platform-engine-1.9.3.jar;"/>
    <property name="java.vm.vendor" value="Oracle Corporation"/>
    <property name="sun.arch.data.model" value="64"/>
    <property name="user.variant" value=""/>
    <property name="java.vendor.url" value="https://java.oracle.com/"/>
    <property name="user.timezone" value="Asia/Taipei"/>
    <property name="os.name" value="Windows 10"/>
    <property name="java.vm.specification.version" value="16"/>
    <property name="sun.java.launcher" value="SUN_STANDARD"/>
    <property name="user.country" value="PH"/>
    <property name="sun.boot.library.path" value="C:\Program Files\Java\jdk-16.0.2\bin"/>
    <property name="sun.java.command" value="C:\Users\reymund\AppData\Local\Temp\surefire10818077954199412001\surefirebooter-20231028201634781_3.jar C:\Users\reymund\AppData\Local\Temp\surefire10818077954199412001 2023-10-28T20-16-34_587-jvmRun1 surefire-20231028201634781_1tmp surefire_0-20231028201634781_2tmp"/>
    <property name="jdk.debug" value="release"/>
    <property name="surefire.test.class.path" value="C:\Users\reymund\Documents\temp-app-practice\myproject\target\test-classes;C:\Users\reymund\Documents\temp-app-practice\myproject\target\classes;C:\Users\reymund\.m2\repository\com\intuit\karate\karate-junit5\1.4.1\karate-junit5-1.4.1.jar;C:\Users\reymund\.m2\repository\com\intuit\karate\karate-core\1.4.1\karate-core-1.4.1.jar;C:\Users\reymund\.m2\repository\org\graalvm\js\js-scriptengine\22.3.3\js-scriptengine-22.3.3.jar;C:\Users\reymund\.m2\repository\org\graalvm\sdk\graal-sdk\22.3.3\graal-sdk-22.3.3.jar;C:\Users\reymund\.m2\repository\org\graalvm\js\js\22.3.3\js-22.3.3.jar;C:\Users\reymund\.m2\repository\org\graalvm\regex\regex\22.3.3\regex-22.3.3.jar;C:\Users\reymund\.m2\repository\org\graalvm\truffle\truffle-api\22.3.3\truffle-api-22.3.3.jar;C:\Users\reymund\.m2\repository\com\ibm\icu\icu4j\71.1\icu4j-71.1.jar;C:\Users\reymund\.m2\repository\org\thymeleaf\thymeleaf\3.1.2.RELEASE\thymeleaf-3.1.2.RELEASE.jar;C:\Users\reymund\.m2\repository\ognl\ognl\3.3.4\ognl-3.3.4.jar;C:\Users\reymund\.m2\repository\org\javassist\javassist\3.29.0-GA\javassist-3.29.0-GA.jar;C:\Users\reymund\.m2\repository\org\attoparser\attoparser\2.0.7.RELEASE\attoparser-2.0.7.RELEASE.jar;C:\Users\reymund\.m2\repository\org\unbescape\unbescape\1.1.6.RELEASE\unbescape-1.1.6.RELEASE.jar;C:\Users\reymund\.m2\repository\org\slf4j\slf4j-api\2.0.7\slf4j-api-2.0.7.jar;C:\Users\reymund\.m2\repository\com\linecorp\armeria\armeria\1.25.2\armeria-1.25.2.jar;C:\Users\reymund\.m2\repository\com\fasterxml\jackson\core\jackson-core\2.15.2\jackson-core-2.15.2.jar;C:\Users\reymund\.m2\repository\com\fasterxml\jackson\core\jackson-annotations\2.15.2\jackson-annotations-2.15.2.jar;C:\Users\reymund\.m2\repository\com\fasterxml\jackson\core\jackson-databind\2.15.2\jackson-databind-2.15.2.jar;C:\Users\reymund\.m2\repository\com\fasterxml\jackson\datatype\jackson-datatype-jdk8\2.15.2\jackson-datatype-jdk8-2.15.2.jar;C:\Users\reymund\.m2\repository\com\fasterxml\jackson\datatype\jackson-datatype-jsr310\2.15.2\jackson-datatype-jsr310-2.15.2.jar;C:\Users\reymund\.m2\repository\io\micrometer\micrometer-core\1.11.3\micrometer-core-1.11.3.jar;C:\Users\reymund\.m2\repository\io\micrometer\micrometer-commons\1.11.3\micrometer-commons-1.11.3.jar;C:\Users\reymund\.m2\repository\io\micrometer\micrometer-observation\1.11.3\micrometer-observation-1.11.3.jar;C:\Users\reymund\.m2\repository\org\hdrhistogram\HdrHistogram\2.1.12\HdrHistogram-2.1.12.jar;C:\Users\reymund\.m2\repository\org\latencyutils\LatencyUtils\2.0.3\LatencyUtils-2.0.3.jar;C:\Users\reymund\.m2\repository\io\netty\netty-transport\4.1.96.Final\netty-transport-4.1.96.Final.jar;C:\Users\reymund\.m2\repository\io\netty\netty-common\4.1.96.Final\netty-common-4.1.96.Final.jar;C:\Users\reymund\.m2\repository\io\netty\netty-buffer\4.1.96.Final\netty-buffer-4.1.96.Final.jar;C:\Users\reymund\.m2\repository\io\netty\netty-resolver\4.1.96.Final\netty-resolver-4.1.96.Final.jar;C:\Users\reymund\.m2\repository\io\netty\netty-codec-haproxy\4.1.96.Final\netty-codec-haproxy-4.1.96.Final.jar;C:\Users\reymund\.m2\repository\io\netty\netty-codec\4.1.96.Final\netty-codec-4.1.96.Final.jar;C:\Users\reymund\.m2\repository\io\netty\netty-codec-http2\4.1.96.Final\netty-codec-http2-4.1.96.Final.jar;C:\Users\reymund\.m2\repository\io\netty\netty-handler\4.1.96.Final\netty-handler-4.1.96.Final.jar;C:\Users\reymund\.m2\repository\io\netty\netty-codec-http\4.1.96.Final\netty-codec-http-4.1.96.Final.jar;C:\Users\reymund\.m2\repository\io\netty\netty-resolver-dns\4.1.96.Final\netty-resolver-dns-4.1.96.Final.jar;C:\Users\reymund\.m2\repository\io\netty\netty-codec-dns\4.1.96.Final\netty-codec-dns-4.1.96.Final.jar;C:\Users\reymund\.m2\repository\org\reactivestreams\reactive-streams\1.0.4\reactive-streams-1.0.4.jar;C:\Users\reymund\.m2\repository\com\google\code\findbugs\jsr305\3.0.2\jsr305-3.0.2.jar;C:\Users\reymund\.m2\repository\io\netty\netty-handler-proxy\4.1.96.Final\netty-handler-proxy-4.1.96.Final.jar;C:\Users\reymund\.m2\repository\io\netty\netty-codec-socks\4.1.96.Final\netty-codec-socks-4.1.96.Final.jar;C:\Users\reymund\.m2\repository\io\netty\netty-transport-native-unix-common\4.1.96.Final\netty-transport-native-unix-common-4.1.96.Final-linux-x86_64.jar;C:\Users\reymund\.m2\repository\io\netty\netty-transport-native-epoll\4.1.96.Final\netty-transport-native-epoll-4.1.96.Final-linux-x86_64.jar;C:\Users\reymund\.m2\repository\io\netty\netty-transport-native-unix-common\4.1.96.Final\netty-transport-native-unix-common-4.1.96.Final.jar;C:\Users\reymund\.m2\repository\io\netty\netty-transport-classes-epoll\4.1.96.Final\netty-transport-classes-epoll-4.1.96.Final.jar;C:\Users\reymund\.m2\repository\io\netty\netty-transport-native-unix-common\4.1.96.Final\netty-transport-native-unix-common-4.1.96.Final-linux-aarch_64.jar;C:\Users\reymund\.m2\repository\io\netty\netty-transport-native-epoll\4.1.96.Final\netty-transport-native-epoll-4.1.96.Final-linux-aarch_64.jar;C:\Users\reymund\.m2\repository\io\netty\netty-transport-native-unix-common\4.1.96.Final\netty-transport-native-unix-common-4.1.96.Final-osx-x86_64.jar;C:\Users\reymund\.m2\repository\io\netty\netty-transport-native-kqueue\4.1.96.Final\netty-transport-native-kqueue-4.1.96.Final-osx-x86_64.jar;C:\Users\reymund\.m2\repository\io\netty\netty-transport-classes-kqueue\4.1.96.Final\netty-transport-classes-kqueue-4.1.96.Final.jar;C:\Users\reymund\.m2\repository\io\netty\netty-resolver-dns-native-macos\4.1.96.Final\netty-resolver-dns-native-macos-4.1.96.Final-osx-x86_64.jar;C:\Users\reymund\.m2\repository\io\netty\netty-resolver-dns-classes-macos\4.1.96.Final\netty-resolver-dns-classes-macos-4.1.96.Final.jar;C:\Users\reymund\.m2\repository\io\netty\netty-transport-native-unix-common\4.1.96.Final\netty-transport-native-unix-common-4.1.96.Final-osx-aarch_64.jar;C:\Users\reymund\.m2\repository\io\netty\netty-transport-native-kqueue\4.1.96.Final\netty-transport-native-kqueue-4.1.96.Final-osx-aarch_64.jar;C:\Users\reymund\.m2\repository\io\netty\netty-resolver-dns-native-macos\4.1.96.Final\netty-resolver-dns-native-macos-4.1.96.Final-osx-aarch_64.jar;C:\Users\reymund\.m2\repository\io\netty\netty-tcnative-boringssl-static\2.0.61.Final\netty-tcnative-boringssl-static-2.0.61.Final-linux-x86_64.jar;C:\Users\reymund\.m2\repository\io\netty\netty-tcnative-classes\2.0.61.Final\netty-tcnative-classes-2.0.61.Final.jar;C:\Users\reymund\.m2\repository\io\netty\netty-tcnative-boringssl-static\2.0.61.Final\netty-tcnative-boringssl-static-2.0.61.Final-linux-aarch_64.jar;C:\Users\reymund\.m2\repository\io\netty\netty-tcnative-boringssl-static\2.0.61.Final\netty-tcnative-boringssl-static-2.0.61.Final-osx-x86_64.jar;C:\Users\reymund\.m2\repository\io\netty\netty-tcnative-boringssl-static\2.0.61.Final\netty-tcnative-boringssl-static-2.0.61.Final-osx-aarch_64.jar;C:\Users\reymund\.m2\repository\io\netty\netty-tcnative-boringssl-static\2.0.61.Final\netty-tcnative-boringssl-static-2.0.61.Final-windows-x86_64.jar;C:\Users\reymund\.m2\repository\com\aayushatharva\brotli4j\brotli4j\1.12.0\brotli4j-1.12.0.jar;C:\Users\reymund\.m2\repository\com\aayushatharva\brotli4j\service\1.12.0\service-1.12.0.jar;C:\Users\reymund\.m2\repository\com\aayushatharva\brotli4j\native-windows-x86_64\1.12.0\native-windows-x86_64-1.12.0.jar;C:\Users\reymund\.m2\repository\org\apache\httpcomponents\httpclient\4.5.14\httpclient-4.5.14.jar;C:\Users\reymund\.m2\repository\org\apache\httpcomponents\httpcore\4.4.16\httpcore-4.4.16.jar;C:\Users\reymund\.m2\repository\commons-codec\commons-codec\1.16.0\commons-codec-1.16.0.jar;C:\Users\reymund\.m2\repository\ch\qos\logback\logback-classic\1.4.11\logback-classic-1.4.11.jar;C:\Users\reymund\.m2\repository\ch\qos\logback\logback-core\1.4.11\logback-core-1.4.11.jar;C:\Users\reymund\.m2\repository\org\slf4j\jcl-over-slf4j\2.0.9\jcl-over-slf4j-2.0.9.jar;C:\Users\reymund\.m2\repository\org\antlr\antlr4-runtime\4.11.1\antlr4-runtime-4.11.1.jar;C:\Users\reymund\.m2\repository\com\jayway\jsonpath\json-path\2.8.0\json-path-2.8.0.jar;C:\Users\reymund\.m2\repository\net\minidev\json-smart\2.4.10\json-smart-2.4.10.jar;C:\Users\reymund\.m2\repository\net\minidev\accessors-smart\2.4.9\accessors-smart-2.4.9.jar;C:\Users\reymund\.m2\repository\org\ow2\asm\asm\9.3\asm-9.3.jar;C:\Users\reymund\.m2\repository\org\yaml\snakeyaml\2.0\snakeyaml-2.0.jar;C:\Users\reymund\.m2\repository\de\siegmar\fastcsv\2.2.1\fastcsv-2.2.1.jar;C:\Users\reymund\.m2\repository\info\picocli\picocli\4.7.1\picocli-4.7.1.jar;C:\Users\reymund\.m2\repository\io\github\classgraph\classgraph\4.8.160\classgraph-4.8.160.jar;C:\Users\reymund\.m2\repository\io\github\t12y\resemble\1.0.2\resemble-1.0.2.jar;C:\Users\reymund\.m2\repository\io\github\t12y\ssim\1.0.0\ssim-1.0.0.jar;C:\Users\reymund\.m2\repository\org\junit\jupiter\junit-jupiter-api\5.9.3\junit-jupiter-api-5.9.3.jar;C:\Users\reymund\.m2\repository\org\opentest4j\opentest4j\1.2.0\opentest4j-1.2.0.jar;C:\Users\reymund\.m2\repository\org\junit\platform\junit-platform-commons\1.9.3\junit-platform-commons-1.9.3.jar;C:\Users\reymund\.m2\repository\org\apiguardian\apiguardian-api\1.1.2\apiguardian-api-1.1.2.jar;C:\Users\reymund\.m2\repository\org\junit\jupiter\junit-jupiter-engine\5.9.3\junit-jupiter-engine-5.9.3.jar;C:\Users\reymund\.m2\repository\org\junit\platform\junit-platform-engine\1.9.3\junit-platform-engine-1.9.3.jar;"/>
    <property name="sun.cpu.endian" value="little"/>
    <property name="user.home" value="C:\Users\reymund"/>
    <property name="user.language" value="en"/>
    <property name="java.specification.vendor" value="Oracle Corporation"/>
    <property name="java.version.date" value="2021-07-20"/>
    <property name="java.home" value="C:\Program Files\Java\jdk-16.0.2"/>
    <property name="file.separator" value="\"/>
    <property name="basedir" value="C:\Users\reymund\Documents\temp-app-practice\myproject"/>
    <property name="java.vm.compressedOopsMode" value="Zero based"/>
    <property name="line.separator" value="&#10;"/>
    <property name="java.vm.specification.vendor" value="Oracle Corporation"/>
    <property name="java.specification.name" value="Java Platform API Specification"/>
    <property name="surefire.real.class.path" value="C:\Users\reymund\AppData\Local\Temp\surefire10818077954199412001\surefirebooter-20231028201634781_3.jar"/>
    <property name="user.script" value=""/>
    <property name="sun.management.compiler" value="HotSpot 64-Bit Tiered Compilers"/>
    <property name="java.runtime.version" value="16.0.2+7-67"/>
    <property name="user.name" value="reymund"/>
    <property name="path.separator" value=";"/>
    <property name="os.version" value="10.0"/>
    <property name="java.runtime.name" value="Java(TM) SE Runtime Environment"/>
    <property name="file.encoding" value="UTF-8"/>
    <property name="java.vm.name" value="Java HotSpot(TM) 64-Bit Server VM"/>
    <property name="localRepository" value="C:\Users\reymund\.m2\repository"/>
    <property name="java.vendor.url.bug" value="https://bugreport.java.com/bugreport/"/>
    <property name="java.io.tmpdir" value="C:\Users\reymund\AppData\Local\Temp\"/>
    <property name="java.version" value="16.0.2"/>
    <property name="user.dir" value="C:\Users\reymund\Documents\temp-app-practice\myproject"/>
    <property name="os.arch" value="amd64"/>
    <property name="java.vm.specification.name" value="Java Virtual Machine Specification"/>
    <property name="sun.os.patch.level" value=""/>
    <property name="java.library.path" value="C:\Program Files\Java\jdk-16.0.2\bin;C:\WINDOWS\Sun\Java\bin;C:\WINDOWS\system32;C:\WINDOWS;C:\Program Files\PowerShell\7;C:\Program Files (x86)\Microsoft SDKs\Azure\CLI2\wbin;C:\Program Files\Common Files\Oracle\Java\javapath;C:\WINDOWS\system32;C:\WINDOWS;C:\WINDOWS\System32\Wbem;C:\WINDOWS\System32\WindowsPowerShell\v1.0\;C:\WINDOWS\System32\OpenSSH\;C:\Program Files\Git\cmd;C:\Program Files\Microsoft SQL Server\150\Tools\Binn\;C:\Program Files\Docker\Docker\resources\bin;C:\Program Files\dotnet\;C:\terraform;C:\Program Files\Java\jdk-16.0.2\bin;C:\Users\reymund\AppData\Local\Android\Sdk\platform-tools;C:\Users\reymund\AppData\Local\Android\Sdk\cmdline-tools;C:\Program Files\PowerShell\7\;C:\Program Files\appstool\apache-maven-3.9.5\bin;C:\Program Files\nodejs\;C:\Users\reymund\AppData\Local\Microsoft\WindowsApps;C:\Users\reymund\AppData\Local\Programs\Microsoft VS Code\bin;C:\Users\reymund\AppData\Roaming\npm;."/>
    <property name="java.vm.info" value="mixed mode, sharing"/>
    <property name="java.vendor" value="Oracle Corporation"/>
    <property name="java.vm.version" value="16.0.2+7-67"/>
    <property name="sun.io.unicode.encoding" value="UnicodeLittle"/>
    <property name="java.class.version" value="60.0"/>
  </properties>
  <testcase name="testTags" classname="conduitApp.conduitTest" time="0.774">
    <error message="not found: conduitApp/tags.feature" type="java.lang.RuntimeException"><![CDATA[java.lang.RuntimeException: not found: conduitApp/tags.feature
	at com.intuit.karate.resource.ResourceUtils.getResource(ResourceUtils.java:126)
	at com.intuit.karate.resource.ResourceUtils.findFeatureFiles(ResourceUtils.java:87)
	at com.intuit.karate.Runner$Builder.resolveAll(Runner.java:248)
	at com.intuit.karate.Suite.<init>(Suite.java:177)
	at com.intuit.karate.junit5.Karate.iterator(Karate.java:60)
	at java.base/java.lang.Iterable.spliterator(Iterable.java:101)
	at org.junit.platform.commons.util.CollectionUtils.toStream(CollectionUtils.java:182)
	at org.junit.jupiter.engine.descriptor.TestFactoryTestDescriptor.toDynamicNodeStream(TestFactoryTestDescriptor.java:125)
	at org.junit.jupiter.engine.descriptor.TestFactoryTestDescriptor.lambda$invokeTestMethod$1(TestFactoryTestDescriptor.java:101)
	at org.junit.platform.engine.support.hierarchical.ThrowableCollector.execute(ThrowableCollector.java:73)
	at org.junit.jupiter.engine.descriptor.TestFactoryTestDescriptor.invokeTestMethod(TestFactoryTestDescriptor.java:95)
	at org.junit.jupiter.engine.descriptor.TestMethodTestDescriptor.execute(TestMethodTestDescriptor.java:138)
	at org.junit.jupiter.engine.descriptor.TestMethodTestDescriptor.execute(TestMethodTestDescriptor.java:68)
	at org.junit.platform.engine.support.hierarchical.NodeTestTask.lambda$executeRecursively$6(NodeTestTask.java:151)
	at org.junit.platform.engine.support.hierarchical.ThrowableCollector.execute(ThrowableCollector.java:73)
	at org.junit.platform.engine.support.hierarchical.NodeTestTask.lambda$executeRecursively$8(NodeTestTask.java:141)
	at org.junit.platform.engine.support.hierarchical.Node.around(Node.java:137)
	at org.junit.platform.engine.support.hierarchical.NodeTestTask.lambda$executeRecursively$9(NodeTestTask.java:139)
	at org.junit.platform.engine.support.hierarchical.ThrowableCollector.execute(ThrowableCollector.java:73)
	at org.junit.platform.engine.support.hierarchical.NodeTestTask.executeRecursively(NodeTestTask.java:138)
	at org.junit.platform.engine.support.hierarchical.NodeTestTask.execute(NodeTestTask.java:95)
	at java.base/java.util.ArrayList.forEach(ArrayList.java:1511)
	at org.junit.platform.engine.support.hierarchical.SameThreadHierarchicalTestExecutorService.invokeAll(SameThreadHierarchicalTestExecutorService.java:41)
	at org.junit.platform.engine.support.hierarchical.NodeTestTask.lambda$executeRecursively$6(NodeTestTask.java:155)
	at org.junit.platform.engine.support.hierarchical.ThrowableCollector.execute(ThrowableCollector.java:73)
	at org.junit.platform.engine.support.hierarchical.NodeTestTask.lambda$executeRecursively$8(NodeTestTask.java:141)
	at org.junit.platform.engine.support.hierarchical.Node.around(Node.java:137)
	at org.junit.platform.engine.support.hierarchical.NodeTestTask.lambda$executeRecursively$9(NodeTestTask.java:139)
	at org.junit.platform.engine.support.hierarchical.ThrowableCollector.execute(ThrowableCollector.java:73)
	at org.junit.platform.engine.support.hierarchical.NodeTestTask.executeRecursively(NodeTestTask.java:138)
	at org.junit.platform.engine.support.hierarchical.NodeTestTask.execute(NodeTestTask.java:95)
	at java.base/java.util.ArrayList.forEach(ArrayList.java:1511)
	at org.junit.platform.engine.support.hierarchical.SameThreadHierarchicalTestExecutorService.invokeAll(SameThreadHierarchicalTestExecutorService.java:41)
	at org.junit.platform.engine.support.hierarchical.NodeTestTask.lambda$executeRecursively$6(NodeTestTask.java:155)
	at org.junit.platform.engine.support.hierarchical.ThrowableCollector.execute(ThrowableCollector.java:73)
	at org.junit.platform.engine.support.hierarchical.NodeTestTask.lambda$executeRecursively$8(NodeTestTask.java:141)
	at org.junit.platform.engine.support.hierarchical.Node.around(Node.java:137)
	at org.junit.platform.engine.support.hierarchical.NodeTestTask.lambda$executeRecursively$9(NodeTestTask.java:139)
	at org.junit.platform.engine.support.hierarchical.ThrowableCollector.execute(ThrowableCollector.java:73)
	at org.junit.platform.engine.support.hierarchical.NodeTestTask.executeRecursively(NodeTestTask.java:138)
	at org.junit.platform.engine.support.hierarchical.NodeTestTask.execute(NodeTestTask.java:95)
	at org.junit.platform.engine.support.hierarchical.SameThreadHierarchicalTestExecutorService.submit(SameThreadHierarchicalTestExecutorService.java:35)
	at org.junit.platform.engine.support.hierarchical.HierarchicalTestExecutor.execute(HierarchicalTestExecutor.java:57)
	at org.junit.platform.engine.support.hierarchical.HierarchicalTestEngine.execute(HierarchicalTestEngine.java:54)
	at org.junit.platform.launcher.core.EngineExecutionOrchestrator.execute(EngineExecutionOrchestrator.java:147)
	at org.junit.platform.launcher.core.EngineExecutionOrchestrator.execute(EngineExecutionOrchestrator.java:127)
	at org.junit.platform.launcher.core.EngineExecutionOrchestrator.execute(EngineExecutionOrchestrator.java:90)
	at org.junit.platform.launcher.core.EngineExecutionOrchestrator.lambda$execute$0(EngineExecutionOrchestrator.java:55)
	at org.junit.platform.launcher.core.EngineExecutionOrchestrator.withInterceptedStreams(EngineExecutionOrchestrator.java:102)
	at org.junit.platform.launcher.core.EngineExecutionOrchestrator.execute(EngineExecutionOrchestrator.java:54)
	at org.junit.platform.launcher.core.DefaultLauncher.execute(DefaultLauncher.java:114)
	at org.junit.platform.launcher.core.DefaultLauncher.execute(DefaultLauncher.java:86)
	at org.junit.platform.launcher.core.DefaultLauncherSession$DelegatingLauncher.execute(DefaultLauncherSession.java:86)
	at org.apache.maven.surefire.junitplatform.LazyLauncher.execute(LazyLauncher.java:50)
	at org.apache.maven.surefire.junitplatform.JUnitPlatformProvider.execute(JUnitPlatformProvider.java:184)
	at org.apache.maven.surefire.junitplatform.JUnitPlatformProvider.invokeAllTests(JUnitPlatformProvider.java:148)
	at org.apache.maven.surefire.junitplatform.JUnitPlatformProvider.invoke(JUnitPlatformProvider.java:122)
	at org.apache.maven.surefire.booter.ForkedBooter.runSuitesInProcess(ForkedBooter.java:385)
	at org.apache.maven.surefire.booter.ForkedBooter.execute(ForkedBooter.java:162)
	at org.apache.maven.surefire.booter.ForkedBooter.run(ForkedBooter.java:507)
	at org.apache.maven.surefire.booter.ForkedBooter.main(ForkedBooter.java:495)
]]></error>
  </testcase>
  <testcase name="testParallel" classname="conduitApp.conduitTest" time="4.584">
    <failure message="js failed:&#10;&gt;&gt;&gt;&gt;&#10;01: read{&apos;classpath:helpers/CreateToken.feature&apos;}&#10;&lt;&lt;&lt;&lt;&#10;org.graalvm.polyglot.PolyglotException: SyntaxError: Unnamed:1:4 Expected ; but found {&#10;read{&apos;classpath:helpers/CreateToken.feature&apos;}&#10;    ^&#10;&#10;- org.graalvm.polyglot.Context.eval(Context.java:425)&#10;- com.intuit.karate.graal.JsEngine.evalForValue(JsEngine.java:169)&#10;- com.intuit.karate.graal.JsEngine.eval(JsEngine.java:165)&#10;- com.intuit.karate.core.ScenarioEngine.evalJs(ScenarioEngine.java:1286)&#10;- com.intuit.karate.core.ScenarioEngine.evalKarateExpression(ScenarioEngine.java:2238)&#10;- com.intuit.karate.core.ScenarioEngine.evalKarateExpression(ScenarioEngine.java:2157)&#10;- com.intuit.karate.core.ScenarioEngine.call(ScenarioEngine.java:1957)&#10;&#10;classpath:conduitApp/feature/article.feature:6 ==&gt; expected: &lt;0&gt; but was: &lt;1&gt;" type="org.opentest4j.AssertionFailedError"><![CDATA[org.opentest4j.AssertionFailedError: 
js failed:
>>>>
01: read{'classpath:helpers/CreateToken.feature'}
<<<<
org.graalvm.polyglot.PolyglotException: SyntaxError: Unnamed:1:4 Expected ; but found {
read{'classpath:helpers/CreateToken.feature'}
    ^

- org.graalvm.polyglot.Context.eval(Context.java:425)
- com.intuit.karate.graal.JsEngine.evalForValue(JsEngine.java:169)
- com.intuit.karate.graal.JsEngine.eval(JsEngine.java:165)
- com.intuit.karate.core.ScenarioEngine.evalJs(ScenarioEngine.java:1286)
- com.intuit.karate.core.ScenarioEngine.evalKarateExpression(ScenarioEngine.java:2238)
- com.intuit.karate.core.ScenarioEngine.evalKarateExpression(ScenarioEngine.java:2157)
- com.intuit.karate.core.ScenarioEngine.call(ScenarioEngine.java:1957)

classpath:conduitApp/feature/article.feature:6 ==> expected: <0> but was: <1>
	at org.junit.jupiter.api.AssertionFailureBuilder.build(AssertionFailureBuilder.java:151)
	at org.junit.jupiter.api.AssertionFailureBuilder.buildAndThrow(AssertionFailureBuilder.java:132)
	at org.junit.jupiter.api.AssertEquals.failNotEqual(AssertEquals.java:197)
	at org.junit.jupiter.api.AssertEquals.assertEquals(AssertEquals.java:150)
	at org.junit.jupiter.api.Assertions.assertEquals(Assertions.java:560)
	at conduitApp.conduitTest.testParallel(conduitTest.java:17)
	at java.base/jdk.internal.reflect.NativeMethodAccessorImpl.invoke0(Native Method)
	at java.base/jdk.internal.reflect.NativeMethodAccessorImpl.invoke(NativeMethodAccessorImpl.java:78)
	at java.base/jdk.internal.reflect.DelegatingMethodAccessorImpl.invoke(DelegatingMethodAccessorImpl.java:43)
	at java.base/java.lang.reflect.Method.invoke(Method.java:567)
	at org.junit.platform.commons.util.ReflectionUtils.invokeMethod(ReflectionUtils.java:727)
	at org.junit.jupiter.engine.execution.MethodInvocation.proceed(MethodInvocation.java:60)
	at org.junit.jupiter.engine.execution.InvocationInterceptorChain$ValidatingInvocation.proceed(InvocationInterceptorChain.java:131)
	at org.junit.jupiter.engine.extension.TimeoutExtension.intercept(TimeoutExtension.java:156)
	at org.junit.jupiter.engine.extension.TimeoutExtension.interceptTestableMethod(TimeoutExtension.java:147)
	at org.junit.jupiter.engine.extension.TimeoutExtension.interceptTestMethod(TimeoutExtension.java:86)
	at org.junit.jupiter.engine.execution.InterceptingExecutableInvoker$ReflectiveInterceptorCall.lambda$ofVoidMethod$0(InterceptingExecutableInvoker.java:103)
	at org.junit.jupiter.engine.execution.InterceptingExecutableInvoker.lambda$invoke$0(InterceptingExecutableInvoker.java:93)
	at org.junit.jupiter.engine.execution.InvocationInterceptorChain$InterceptedInvocation.proceed(InvocationInterceptorChain.java:106)
	at org.junit.jupiter.engine.execution.InvocationInterceptorChain.proceed(InvocationInterceptorChain.java:64)
	at org.junit.jupiter.engine.execution.InvocationInterceptorChain.chainAndInvoke(InvocationInterceptorChain.java:45)
	at org.junit.jupiter.engine.execution.InvocationInterceptorChain.invoke(InvocationInterceptorChain.java:37)
	at org.junit.jupiter.engine.execution.InterceptingExecutableInvoker.invoke(InterceptingExecutableInvoker.java:92)
	at org.junit.jupiter.engine.execution.InterceptingExecutableInvoker.invoke(InterceptingExecutableInvoker.java:86)
	at org.junit.jupiter.engine.descriptor.TestMethodTestDescriptor.lambda$invokeTestMethod$7(TestMethodTestDescriptor.java:217)
	at org.junit.platform.engine.support.hierarchical.ThrowableCollector.execute(ThrowableCollector.java:73)
	at org.junit.jupiter.engine.descriptor.TestMethodTestDescriptor.invokeTestMethod(TestMethodTestDescriptor.java:213)
	at org.junit.jupiter.engine.descriptor.TestMethodTestDescriptor.execute(TestMethodTestDescriptor.java:138)
	at org.junit.jupiter.engine.descriptor.TestMethodTestDescriptor.execute(TestMethodTestDescriptor.java:68)
	at org.junit.platform.engine.support.hierarchical.NodeTestTask.lambda$executeRecursively$6(NodeTestTask.java:151)
	at org.junit.platform.engine.support.hierarchical.ThrowableCollector.execute(ThrowableCollector.java:73)
	at org.junit.platform.engine.support.hierarchical.NodeTestTask.lambda$executeRecursively$8(NodeTestTask.java:141)
	at org.junit.platform.engine.support.hierarchical.Node.around(Node.java:137)
	at org.junit.platform.engine.support.hierarchical.NodeTestTask.lambda$executeRecursively$9(NodeTestTask.java:139)
	at org.junit.platform.engine.support.hierarchical.ThrowableCollector.execute(ThrowableCollector.java:73)
	at org.junit.platform.engine.support.hierarchical.NodeTestTask.executeRecursively(NodeTestTask.java:138)
	at org.junit.platform.engine.support.hierarchical.NodeTestTask.execute(NodeTestTask.java:95)
	at java.base/java.util.ArrayList.forEach(ArrayList.java:1511)
	at org.junit.platform.engine.support.hierarchical.SameThreadHierarchicalTestExecutorService.invokeAll(SameThreadHierarchicalTestExecutorService.java:41)
	at org.junit.platform.engine.support.hierarchical.NodeTestTask.lambda$executeRecursively$6(NodeTestTask.java:155)
	at org.junit.platform.engine.support.hierarchical.ThrowableCollector.execute(ThrowableCollector.java:73)
	at org.junit.platform.engine.support.hierarchical.NodeTestTask.lambda$executeRecursively$8(NodeTestTask.java:141)
	at org.junit.platform.engine.support.hierarchical.Node.around(Node.java:137)
	at org.junit.platform.engine.support.hierarchical.NodeTestTask.lambda$executeRecursively$9(NodeTestTask.java:139)
	at org.junit.platform.engine.support.hierarchical.ThrowableCollector.execute(ThrowableCollector.java:73)
	at org.junit.platform.engine.support.hierarchical.NodeTestTask.executeRecursively(NodeTestTask.java:138)
	at org.junit.platform.engine.support.hierarchical.NodeTestTask.execute(NodeTestTask.java:95)
	at java.base/java.util.ArrayList.forEach(ArrayList.java:1511)
	at org.junit.platform.engine.support.hierarchical.SameThreadHierarchicalTestExecutorService.invokeAll(SameThreadHierarchicalTestExecutorService.java:41)
	at org.junit.platform.engine.support.hierarchical.NodeTestTask.lambda$executeRecursively$6(NodeTestTask.java:155)
	at org.junit.platform.engine.support.hierarchical.ThrowableCollector.execute(ThrowableCollector.java:73)
	at org.junit.platform.engine.support.hierarchical.NodeTestTask.lambda$executeRecursively$8(NodeTestTask.java:141)
	at org.junit.platform.engine.support.hierarchical.Node.around(Node.java:137)
	at org.junit.platform.engine.support.hierarchical.NodeTestTask.lambda$executeRecursively$9(NodeTestTask.java:139)
	at org.junit.platform.engine.support.hierarchical.ThrowableCollector.execute(ThrowableCollector.java:73)
	at org.junit.platform.engine.support.hierarchical.NodeTestTask.executeRecursively(NodeTestTask.java:138)
	at org.junit.platform.engine.support.hierarchical.NodeTestTask.execute(NodeTestTask.java:95)
	at org.junit.platform.engine.support.hierarchical.SameThreadHierarchicalTestExecutorService.submit(SameThreadHierarchicalTestExecutorService.java:35)
	at org.junit.platform.engine.support.hierarchical.HierarchicalTestExecutor.execute(HierarchicalTestExecutor.java:57)
	at org.junit.platform.engine.support.hierarchical.HierarchicalTestEngine.execute(HierarchicalTestEngine.java:54)
	at org.junit.platform.launcher.core.EngineExecutionOrchestrator.execute(EngineExecutionOrchestrator.java:147)
	at org.junit.platform.launcher.core.EngineExecutionOrchestrator.execute(EngineExecutionOrchestrator.java:127)
	at org.junit.platform.launcher.core.EngineExecutionOrchestrator.execute(EngineExecutionOrchestrator.java:90)
	at org.junit.platform.launcher.core.EngineExecutionOrchestrator.lambda$execute$0(EngineExecutionOrchestrator.java:55)
	at org.junit.platform.launcher.core.EngineExecutionOrchestrator.withInterceptedStreams(EngineExecutionOrchestrator.java:102)
	at org.junit.platform.launcher.core.EngineExecutionOrchestrator.execute(EngineExecutionOrchestrator.java:54)
	at org.junit.platform.launcher.core.DefaultLauncher.execute(DefaultLauncher.java:114)
	at org.junit.platform.launcher.core.DefaultLauncher.execute(DefaultLauncher.java:86)
	at org.junit.platform.launcher.core.DefaultLauncherSession$DelegatingLauncher.execute(DefaultLauncherSession.java:86)
	at org.apache.maven.surefire.junitplatform.LazyLauncher.execute(LazyLauncher.java:50)
	at org.apache.maven.surefire.junitplatform.JUnitPlatformProvider.execute(JUnitPlatformProvider.java:184)
	at org.apache.maven.surefire.junitplatform.JUnitPlatformProvider.invokeAllTests(JUnitPlatformProvider.java:148)
	at org.apache.maven.surefire.junitplatform.JUnitPlatformProvider.invoke(JUnitPlatformProvider.java:122)
	at org.apache.maven.surefire.booter.ForkedBooter.runSuitesInProcess(ForkedBooter.java:385)
	at org.apache.maven.surefire.booter.ForkedBooter.execute(ForkedBooter.java:162)
	at org.apache.maven.surefire.booter.ForkedBooter.run(ForkedBooter.java:507)
	at org.apache.maven.surefire.booter.ForkedBooter.main(ForkedBooter.java:495)
]]></failure>
    <system-out><![CDATA[20:16:36.515 [main] DEBUG com.intuit.karate.Suite - [config] classpath:karate-config.js
20:16:36.523 [main] INFO  com.intuit.karate.Suite - backed up existing 'target\karate-reports' dir to: target\karate-reports_1698495396519
20:16:36.531 [main] DEBUG com.intuit.karate.Suite - waiting for 2 features to complete
20:16:37.448 [pool-2-thread-1] INFO  com.intuit.karate - karate.env system property was: null 
20:16:37.448 [pool-2-thread-3] INFO  com.intuit.karate - karate.env system property was: null 
20:16:37.448 [pool-2-thread-2] INFO  com.intuit.karate - karate.env system property was: null 
20:16:37.511 [pool-2-thread-1] ERROR com.intuit.karate - classpath:conduitApp/feature/article.feature:6
* def tokenResponse = call read{'classpath:helpers/CreateToken.feature'}
js failed:
>>>>
01: read{'classpath:helpers/CreateToken.feature'}
<<<<
org.graalvm.polyglot.PolyglotException: SyntaxError: Unnamed:1:4 Expected ; but found {
read{'classpath:helpers/CreateToken.feature'}
    ^

- org.graalvm.polyglot.Context.eval(Context.java:425)
- com.intuit.karate.graal.JsEngine.evalForValue(JsEngine.java:169)
- com.intuit.karate.graal.JsEngine.eval(JsEngine.java:165)
- com.intuit.karate.core.ScenarioEngine.evalJs(ScenarioEngine.java:1286)
- com.intuit.karate.core.ScenarioEngine.evalKarateExpression(ScenarioEngine.java:2238)
- com.intuit.karate.core.ScenarioEngine.evalKarateExpression(ScenarioEngine.java:2157)
- com.intuit.karate.core.ScenarioEngine.call(ScenarioEngine.java:1957)

classpath:conduitApp/feature/article.feature:6
20:16:37.797 [pool-2-thread-2] DEBUG com.intuit.karate - request:
1 > GET https://api.realworld.io/api/tags
1 > Host: api.realworld.io
1 > Connection: Keep-Alive
1 > User-Agent: Apache-HttpClient/4.5.14 (Java/16.0.2)
1 > Accept-Encoding: gzip,deflate


20:16:37.797 [pool-2-thread-3] DEBUG com.intuit.karate - request:
1 > GET https://api.realworld.io/api/articles?offset=0&limit=10
1 > Host: api.realworld.io
1 > Connection: Keep-Alive
1 > User-Agent: Apache-HttpClient/4.5.14 (Java/16.0.2)
1 > Accept-Encoding: gzip,deflate


---------------------------------------------------------
feature: classpath:conduitApp/feature/article.feature
scenarios:  1 | passed:  0 | failed:  1 | time: 0.0211
---------------------------------------------------------

20:16:38.290 [pool-3-thread-1] INFO  com.intuit.karate.Suite - <<fail>> feature 1 of 2 (1 remaining) classpath:conduitApp/feature/article.feature
20:16:39.370 [pool-2-thread-2] DEBUG com.intuit.karate - response time in milliseconds: 1570
1 < 200
1 < Date: Sat, 28 Oct 2023 12:16:40 GMT
1 < Content-Type: application/json; charset=utf-8
1 < Transfer-Encoding: chunked
1 < Connection: keep-alive
1 < Report-To: {"group":"heroku-nel","max_age":3600,"endpoints":[{"url":"https://nel.heroku.com/reports?ts=1698495399&sid=c46efe9b-d3d2-4a0c-8c76-bfafa16c5add&s=mrJJfxOvAV5Z9h7ua3JKLjmaAfM05sTMDfddg%2FWmsvk%3D"}]}
1 < Reporting-Endpoints: heroku-nel=https://nel.heroku.com/reports?ts=1698495399&sid=c46efe9b-d3d2-4a0c-8c76-bfafa16c5add&s=mrJJfxOvAV5Z9h7ua3JKLjmaAfM05sTMDfddg%2FWmsvk%3D
1 < Nel: {"report_to":"heroku-nel","max_age":3600,"success_fraction":0.005,"failure_fraction":0.05,"response_headers":["Via"]}
1 < X-Powered-By: Express
1 < Access-Control-Allow-Origin: *
1 < Etag: W/"76-JNoQ7jScO0YBsIzJuQiyDpRcKAI"
1 < Via: 1.1 vegur
1 < CF-Cache-Status: DYNAMIC
1 < Server: cloudflare
1 < CF-RAY: 81d31c74ef945f48-SIN
1 < alt-svc: h3=":443"; ma=86400
{"tags":["welcome","implementations","introduction","codebaseShow","ipsum","qui","cupiditate","et","quia","deserunt"]}

20:16:40.413 [pool-2-thread-3] DEBUG com.intuit.karate - response time in milliseconds: 2614
1 < 200
1 < Date: Sat, 28 Oct 2023 12:16:41 GMT
1 < Content-Type: application/json; charset=utf-8
1 < Transfer-Encoding: chunked
1 < Connection: keep-alive
1 < X-Powered-By: Express
1 < Access-Control-Allow-Origin: *
1 < Etag: W/"56af-1xa3oQ92XdJ84IakW1mglLZa+Kc"
1 < Via: 1.1 vegur
1 < CF-Cache-Status: DYNAMIC
1 < Report-To: {"endpoints":[{"url":"https:\/\/a.nel.cloudflare.com\/report\/v3?s=Bw5xQv0gbS9kCSvG5ww4tk%2ByNSaQqGFgL%2F4EwmIvEBtKHob46PRyMMSJLKWRIio2M2hoQz1qZG8bRF3BJcOzS4UrsJbFmU%2BKmTViHEp1asCMV4W3Jqr9vIU6J1VO0mAsw6WJ"}],"group":"cf-nel","max_age":604800}
1 < NEL: {"success_fraction":0,"report_to":"cf-nel","max_age":604800}
1 < Server: cloudflare
1 < CF-RAY: 81d31c74f98a4840-SIN
1 < alt-svc: h3=":443"; ma=86400
{"articles":[{"slug":"If-we-quantify-the-alarm-we-can-get-to-the-FTP-pixel-through-the-online-SSL-interface!-120863","title":"If we quantify the alarm, we can get to the FTP pixel through the online SSL interface!","description":"Omnis perspiciatis qui quia commodi sequi modi. Nostrum quam aut cupiditate est facere omnis possimus. Tenetur similique nemo illo soluta molestias facere quo. Ipsam totam facilis delectus nihil quidem soluta vel est omnis.","body":"Quia quo iste et aperiam voluptas consectetur a omnis et.\\nDolores et earum consequuntur sunt et.\\nEa nulla ab voluptatem dicta vel. Temporibus aut adipisci magnam aliquam eveniet nihil laudantium reprehenderit sit.\\nAspernatur cumque labore voluptates mollitia deleniti et. Quos pariatur tenetur.\\nQuasi omnis eveniet eos maiores esse magni possimus blanditiis.\\nQui incidunt sit quos consequatur aut qui et aperiam delectus.\\nPraesentium quas culpa.\\nEaque occaecati cumque incidunt et. Provident saepe omnis non molestiae natus et.\\nAccusamus laudantium hic unde voluptate et sunt voluptatem.\\nMollitia velit id eius mollitia occaecati repudiandae. Voluptatum tempora voluptas est odio iure odio dolorem.\\nVoluptatum est deleniti explicabo explicabo harum provident quis molestiae. Sed dolores nostrum quis. Aut ipsa et qui vel similique sed hic a.\\nVoluptates dolorem culpa nihil aut ipsam voluptatem. Cupiditate officia voluptatum.\\nTenetur facere eum distinctio animi qui laboriosam.\\nQuod sed voluptatem et cumque est eos.\\nSint id provident suscipit harum odio et. Facere beatae delectus ut.\\nPossimus voluptas perspiciatis voluptatem nihil sint praesentium.\\nSint est nihil voluptates nesciunt voluptatibus temporibus blanditiis.\\nOfficiis voluptatem earum sed. Deserunt ab porro similique est accusamus id enim aut suscipit.\\nSoluta reprehenderit error nesciunt odit veniam sed.\\nDolore optio qui aut ab.\\nAut minima provident eius repudiandae a quibusdam in nisi quam.","tagList":["rerum","maiores","omnis","quae"],"createdAt":"2022-12-09T13:46:24.264Z","updatedAt":"2022-12-09T13:46:24.264Z","favorited":false,"favoritesCount":2074,"author":{"username":"Anah Bene코ov치","bio":null,"image":"https://api.realworld.io/images/demo-avatar.png","following":false}},{"slug":"Try-to-transmit-the-HTTP-card-maybe-it-will-override-the-multi-byte-hard-drive!-120863","title":"Try to transmit the HTTP card, maybe it will override the multi-byte hard drive!","description":"Assumenda molestiae laboriosam enim ipsum quaerat enim officia vel quo. Earum odit rem natus totam atque cumque. Sint dolorem facere non.","body":"Sunt excepturi ut dolore fuga.\\nAutem eum maiores aut nihil magnam corporis consectetur sit. Voluptate et quasi optio eos et eveniet culpa et nobis.\\nSint aut sint sequi possimus reiciendis nisi.\\nRerum et omnis et sit doloribus corporis voluptas error.\\nIusto molestiae tenetur necessitatibus dolorem omnis. Libero sed ut architecto.\\nEx itaque et modi aut voluptatem alias quae.\\nModi dolor cupiditate sit.\\nDelectus consectetur nobis aliquid deserunt sint ut et voluptas.\\nCorrupti in labore laborum quod. Ipsa laudantium deserunt. Ut atque harum inventore natus facere sed molestiae.\\nQuia aliquid ut.\\nAnimi sunt rem et sit ullam dolorem ab consequatur modi. Cupiditate officia voluptatum.\\nTenetur facere eum distinctio animi qui laboriosam.\\nQuod sed voluptatem et cumque est eos.\\nSint id provident suscipit harum odio et. Et fuga repellendus magnam dignissimos eius aspernatur rerum. Quo perferendis nesciunt.\\nDolore dolorem porro omnis voluptatibus consequuntur et expedita suscipit et.\\nTempora facere ipsa.\\nDolore accusamus soluta officiis eligendi.\\nEum quaerat neque eum beatae odio. Ad voluptate vel.\\nAut aut dolor. Cupiditate officia voluptatum.\\nTenetur facere eum distinctio animi qui laboriosam.\\nQuod sed voluptatem et cumque est eos.\\nSint id provident suscipit harum odio et.","tagList":["voluptate","rerum","ducimus","hic"],"createdAt":"2022-12-09T13:46:24.264Z","updatedAt":"2022-12-09T13:46:24.264Z","favorited":false,"favoritesCount":2152,"author":{"username":"Anah Bene코ov치","bio":null,"image":"https://api.realworld.io/images/demo-avatar.png","following":false}},{"slug":"Try-to-generate-the-TCP-bus-maybe-it-will-override-the-neural-bandwidth!-120863","title":"Try to generate the TCP bus, maybe it will override the neural bandwidth!","description":"Pariatur ut dolor repellendus dolores ut debitis. Est iusto neque dicta voluptatibus quia nulla consequatur. Omnis aut sed dolores qui laborum a amet.","body":"Quo perferendis nesciunt.\\nDolore dolorem porro omnis voluptatibus consequuntur et expedita suscipit et.\\nTempora facere ipsa.\\nDolore accusamus soluta officiis eligendi.\\nEum quaerat neque eum beatae odio. Qui soluta veritatis autem repellat et inventore occaecati. Doloribus consequatur et labore suscipit deserunt tempore ad quasi sed.\\nQuam cupiditate modi dolor et eos et culpa qui.\\nDelectus molestias ea id.\\nIllum ea unde sapiente non non non.\\nDolorem ut sed magni. Provident saepe omnis non molestiae natus et.\\nAccusamus laudantium hic unde voluptate et sunt voluptatem.\\nMollitia velit id eius mollitia occaecati repudiandae. Incidunt doloremque enim autem quam et magnam et expedita fuga.\\nPlaceat quia dolor ut.\\nNon dolor amet temporibus quas non hic sed.\\nQui tempore enim mollitia omnis sed ut eos rerum et.\\nQuidem voluptas est vel. Placeat sequi quaerat sapiente aspernatur autem sunt molestiae voluptatem.\\nAccusamus unde libero accusamus omnis totam et temporibus. Cupiditate officia voluptatum.\\nTenetur facere eum distinctio animi qui laboriosam.\\nQuod sed voluptatem et cumque est eos.\\nSint id provident suscipit harum odio et. Iusto laborum aperiam neque delectus consequuntur provident est maiores explicabo. Laborum est maxime enim accusantium magnam.\\nRerum dolorum minus laudantium delectus eligendi necessitatibus quia.\\nDeleniti consequatur explicabo aut nobis est vero tempore.\\nExcepturi earum quo quod voluptatem quo iure vel sapiente occaecati.\\nConsectetur consequatur corporis doloribus omnis harum voluptas esse amet. Mollitia nostrum exercitationem sunt rem.\\nRem et voluptas consequatur mollitia nostrum.\\nSunt nesciunt et pariatur quam provident impedit.","tagList":["dicta","rerum","omnis","blanditiis"],"createdAt":"2022-12-09T13:46:24.263Z","updatedAt":"2022-12-09T13:46:24.263Z","favorited":false,"favoritesCount":387,"author":{"username":"Anah Bene코ov치","bio":null,"image":"https://api.realworld.io/images/demo-avatar.png","following":false}},{"slug":"You-cant-transmit-the-firewall-without-copying-the-1080p-SDD-interface!-120863","title":"You cant transmit the firewall without copying the 1080p SDD interface!","description":"Est sed deserunt eligendi in velit saepe. Dolorem quis illo vero qui ut recusandae occaecati dolores quae. Voluptatem vero aliquam alias adipisci reiciendis odit nobis est. Vel laboriosam quia commodi rerum. Voluptatum et sed et nesciunt iure ipsum iste aut enim.","body":"Incidunt doloremque enim autem quam et magnam et expedita fuga.\\nPlaceat quia dolor ut.\\nNon dolor amet temporibus quas non hic sed.\\nQui tempore enim mollitia omnis sed ut eos rerum et.\\nQuidem voluptas est vel. Temporibus quod quidem placeat porro.\\nUnde ipsam vel explicabo. Qui et dolorum.\\nEveniet architecto qui accusamus et modi harum facilis a eum.\\nEt vel cumque voluptatem earum minima perferendis. Ducimus dolores recusandae.\\nEa aut aperiam et aut eos inventore.\\nQuia cum ducimus autem iste.\\nQuos consequuntur est delectus temporibus autem. Quas ea voluptatem iste iure.\\nEt soluta et doloremque vero quis occaecati et fuga.\\nIncidunt recusandae dignissimos iusto quisquam sed unde at ea incidunt.\\nId voluptate incidunt qui totam autem voluptas maxime atque quaerat.\\nCorporis iste ut molestiae. Laborum itaque quos provident.\\nRerum cupiditate praesentium amet voluptatem dolor impedit modi dicta.\\nVoluptates assumenda optio est.\\nNon aperiam nam consequuntur vel a commodi dicta incidunt. Autem reiciendis provident iure possimus.\\nOccaecati soluta quibusdam libero tenetur minus vel sit illo.\\nCulpa optio dolorem eos similique voluptatem voluptatibus error accusantium. Officia consectetur quibusdam velit debitis porro quia cumque.\\nSuscipit esse voluptatem cum sit totam consequatur molestiae est.\\nMollitia pariatur distinctio fugit. Quis nesciunt ut est eos.\\nQui reiciendis doloribus.\\nEst quidem ullam reprehenderit.\\nEst omnis eligendi quis quis quo eum officiis asperiores quis. Et sed dicta eveniet accusamus consequatur.\\nUllam voluptas consequatur aut eos ducimus.\\nId officia est ut dicta provident beatae ipsa.","tagList":["possimus","maiores","facilis"],"createdAt":"2022-12-09T13:46:24.263Z","updatedAt":"2022-12-09T13:46:24.263Z","favorited":false,"favoritesCount":261,"author":{"username":"Anah Bene코ov치","bio":null,"image":"https://api.realworld.io/images/demo-avatar.png","following":false}},{"slug":"Try-to-bypass-the-SAS-card-maybe-it-will-transmit-the-solid-state-system!-120863","title":"Try to bypass the SAS card, maybe it will transmit the solid state system!","description":"Est iste totam accusamus dolorem est. Quis non sit impedit similique incidunt odio aspernatur aut rem. Architecto est eum.","body":"Ipsa cumque ad repellat qui libero quia impedit fugiat.\\nExcepturi ut vitae recusandae eos quisquam et voluptatem.\\nNeque nostrum distinctio provident eius tempore odio aliquid.\\nSaepe ut suscipit architecto. Sapiente vitae culpa ut voluptatem incidunt excepturi voluptates exercitationem.\\nSed doloribus alias consectetur omnis occaecati ad placeat labore.\\nVoluptate consequatur expedita nemo recusandae sint assumenda.\\nQui vel totam quia fugit saepe suscipit autem quasi qui.\\nEt eum vel ut delectus ut nesciunt animi. Mollitia nostrum exercitationem sunt rem.\\nRem et voluptas consequatur mollitia nostrum.\\nSunt nesciunt et pariatur quam provident impedit. Officia consectetur quibusdam velit debitis porro quia cumque.\\nSuscipit esse voluptatem cum sit totam consequatur molestiae est.\\nMollitia pariatur distinctio fugit. Qui et dolorum.\\nEveniet architecto qui accusamus et modi harum facilis a eum.\\nEt vel cumque voluptatem earum minima perferendis. Illum voluptates ut vel et.\\nUt debitis excepturi suscipit perferendis officia numquam possimus.\\nFacere sit doloremque repudiandae corrupti veniam qui. Ipsa laudantium deserunt. Totam ab necessitatibus quidem non. Mollitia nostrum exercitationem sunt rem.\\nRem et voluptas consequatur mollitia nostrum.\\nSunt nesciunt et pariatur quam provident impedit. Molestias non debitis quibusdam quis quod.\\nSaepe ab et hic unde et sed.\\nMagni voluptatem est.\\nEt similique quo porro et.","tagList":["dolores","aut","consectetur","ullam"],"createdAt":"2022-12-09T13:46:24.263Z","updatedAt":"2022-12-09T13:46:24.263Z","favorited":false,"favoritesCount":371,"author":{"username":"Anah Bene코ov치","bio":null,"image":"https://api.realworld.io/images/demo-avatar.png","following":false}},{"slug":"We-need-to-calculate-the-bluetooth-JBOD-bus!-120863","title":"We need to calculate the bluetooth JBOD bus!","description":"Ipsa nemo eos sequi nulla id accusamus nam ratione dolore. Omnis sint quisquam accusamus rem rem nihil. Non minus animi cum dolorem earum odit sequi. Rem non inventore sed dicta atque modi. Sed dolorem iste molestiae. Sed eum iste aliquid aliquid.","body":"Nisi vitae nostrum perspiciatis impedit laborum repellat ullam et ut. Qui soluta veritatis autem repellat et inventore occaecati. Reprehenderit quae quas quos sapiente ullam ut.\\nVoluptates non ut. Iusto laborum aperiam neque delectus consequuntur provident est maiores explicabo. Quia harum nulla et quos sint voluptates exercitationem corrupti. Quis nesciunt ut est eos.\\nQui reiciendis doloribus.\\nEst quidem ullam reprehenderit.\\nEst omnis eligendi quis quis quo eum officiis asperiores quis. Ipsa cumque ad repellat qui libero quia impedit fugiat.\\nExcepturi ut vitae recusandae eos quisquam et voluptatem.\\nNeque nostrum distinctio provident eius tempore odio aliquid.\\nSaepe ut suscipit architecto. Eveniet sit ipsa officiis laborum.\\nIn vel est omnis sed impedit quod magni.\\nDignissimos quis illum qui atque aut ut quasi sequi. Ab quis aut earum.\\nVoluptatem sint accusantium sed cupiditate optio.\\nConsequatur in dolores aut enim.\\nNon sunt atque maxime dolores.\\nNam impedit sit. Nemo tempore dolor maiores blanditiis quia qui qui voluptatem non.\\nNisi dolores animi laboriosam aliquam qui adipisci voluptates atque dignissimos.\\nLibero sit quibusdam corporis aut inventore natus libero.\\nPraesentium omnis dolorum temporibus repellendus qui.\\nNon nostrum doloribus occaecati dolores sit ut.","tagList":["nostrum","quia","quaerat","numquam"],"createdAt":"2022-12-09T13:46:24.263Z","updatedAt":"2022-12-09T13:46:24.263Z","favorited":false,"favoritesCount":311,"author":{"username":"Anah Bene코ov치","bio":null,"image":"https://api.realworld.io/images/demo-avatar.png","following":false}},{"slug":"Use-the-auxiliary-EXE-monitor-then-you-can-hack-the-haptic-port!-120863","title":"Use the auxiliary EXE monitor, then you can hack the haptic port!","description":"Et id harum unde et ratione minima non. Suscipit ipsum rem. Sed asperiores quaerat dolorum autem nihil voluptatem et hic ut. Molestiae rerum autem. Dolores nam soluta officia pariatur debitis.","body":"Est est sed itaque necessitatibus vitae officiis.\\nIusto dolores sint eveniet quasi dolore quo laborum esse laboriosam.\\nModi similique aut voluptates animi aut dicta dolorum.\\nSint explicabo autem quidem et.\\nNeque aspernatur assumenda fugit provident. Aut ipsa et qui vel similique sed hic a.\\nVoluptates dolorem culpa nihil aut ipsam voluptatem. Dolores accusamus ducimus suscipit neque fugit quo aliquam.\\nOdit eum eum sint accusamus.\\nQuod ipsum sed placeat.\\nEt culpa voluptas et quod atque a.\\nVoluptatibus rerum nihil quia cupiditate nihil facere beatae dolor. Fugit harum mollitia.\\nMagni eos asperiores assumenda ad. Id est non ad temporibus nobis.\\nQuod soluta quae voluptatem quisquam est. Quas ea voluptatem iste iure.\\nEt soluta et doloremque vero quis occaecati et fuga.\\nIncidunt recusandae dignissimos iusto quisquam sed unde at ea incidunt.\\nId voluptate incidunt qui totam autem voluptas maxime atque quaerat.\\nCorporis iste ut molestiae. Illum voluptates ut vel et.\\nUt debitis excepturi suscipit perferendis officia numquam possimus.\\nFacere sit doloremque repudiandae corrupti veniam qui. Sunt excepturi ut dolore fuga.\\nAutem eum maiores aut nihil magnam corporis consectetur sit. Laborum itaque quos provident.\\nRerum cupiditate praesentium amet voluptatem dolor impedit modi dicta.\\nVoluptates assumenda optio est.\\nNon aperiam nam consequuntur vel a commodi dicta incidunt. Quia consequatur voluptatibus et.\\nVoluptatibus aspernatur et.\\nDicta architecto qui dignissimos.\\nVeritatis facilis voluptatem inventore aliquid cum.\\nNumquam odio quis porro sunt adipisci culpa.","tagList":["necessitatibus","vitae","repellat","labore"],"createdAt":"2022-12-09T13:46:24.263Z","updatedAt":"2022-12-09T13:46:24.263Z","favorited":false,"favoritesCount":254,"author":{"username":"Anah Bene코ov치","bio":null,"image":"https://api.realworld.io/images/demo-avatar.png","following":false}},{"slug":"You-cant-connect-the-interface-without-programming-the-virtual-PNG-protocol!-120863","title":"You cant connect the interface without programming the virtual PNG protocol!","description":"Vel facere dolorem sit hic non. Veniam nihil cumque sed et delectus. Maiores minus quisquam nostrum. Eius quasi nostrum. Molestiae recusandae ut. Suscipit natus aliquam eos sit aut.","body":"Cupiditate officia voluptatum.\\nTenetur facere eum distinctio animi qui laboriosam.\\nQuod sed voluptatem et cumque est eos.\\nSint id provident suscipit harum odio et. Commodi est rerum dolorum quae voluptatem aliquam. Ad voluptate vel.\\nAut aut dolor. Iusto laborum aperiam neque delectus consequuntur provident est maiores explicabo. Voluptatum tempora voluptas est odio iure odio dolorem.\\nVoluptatum est deleniti explicabo explicabo harum provident quis molestiae. Commodi est rerum dolorum quae voluptatem aliquam. Doloribus temporibus dolorum placeat.\\nFugit nulla quaerat.\\nEveniet ratione odit sed non rerum.\\nNemo tempore eveniet veritatis alias repellat et.\\nVoluptas nisi quis commodi id. Provident saepe omnis non molestiae natus et.\\nAccusamus laudantium hic unde voluptate et sunt voluptatem.\\nMollitia velit id eius mollitia occaecati repudiandae. Ipsa cumque ad repellat qui libero quia impedit fugiat.\\nExcepturi ut vitae recusandae eos quisquam et voluptatem.\\nNeque nostrum distinctio provident eius tempore odio aliquid.\\nSaepe ut suscipit architecto. Molestias non debitis quibusdam quis quod.\\nSaepe ab et hic unde et sed.\\nMagni voluptatem est.\\nEt similique quo porro et.","tagList":["dicta","repellat","facilis","labore"],"createdAt":"2022-12-09T13:46:24.263Z","updatedAt":"2022-12-09T13:46:24.263Z","favorited":false,"favoritesCount":249,"author":{"username":"Anah Bene코ov치","bio":null,"image":"https://api.realworld.io/images/demo-avatar.png","following":false}},{"slug":"quantifying-the-microchip-wont-do-anything-we-need-to-index-the-online-SQL-hard-drive!-120863","title":"quantifying the microchip wont do anything, we need to index the online SQL hard drive!","description":"Minima soluta sed sed et optio explicabo at distinctio repudiandae. Magnam deleniti a ea. Non velit accusamus veniam qui. Necessitatibus velit ad aut officiis in officiis quasi. Sunt nulla dolores voluptatem esse magnam ut.","body":"Ab rerum eos ipsa accusantium nihil voluptatem.\\nEum minus alias.\\nIure commodi at harum.\\nNostrum non occaecati omnis quisquam. Id est non ad temporibus nobis.\\nQuod soluta quae voluptatem quisquam est. Quos pariatur tenetur.\\nQuasi omnis eveniet eos maiores esse magni possimus blanditiis.\\nQui incidunt sit quos consequatur aut qui et aperiam delectus.\\nPraesentium quas culpa.\\nEaque occaecati cumque incidunt et. Sunt excepturi ut dolore fuga.\\nAutem eum maiores aut nihil magnam corporis consectetur sit. Ipsa cumque ad repellat qui libero quia impedit fugiat.\\nExcepturi ut vitae recusandae eos quisquam et voluptatem.\\nNeque nostrum distinctio provident eius tempore odio aliquid.\\nSaepe ut suscipit architecto. Cum vitae aliquam neque consequatur quia id dicta ipsam.\\nExercitationem ab eum exercitationem non alias numquam qui.\\nItaque rerum ut nobis est nam vitae exercitationem minima fugiat.\\nEst sit non tempora soluta consequatur eveniet.\\nCorporis nisi dolorem architecto voluptatem. Quos pariatur tenetur.\\nQuasi omnis eveniet eos maiores esse magni possimus blanditiis.\\nQui incidunt sit quos consequatur aut qui et aperiam delectus.\\nPraesentium quas culpa.\\nEaque occaecati cumque incidunt et. Illum voluptates ut vel et.\\nUt debitis excepturi suscipit perferendis officia numquam possimus.\\nFacere sit doloremque repudiandae corrupti veniam qui. Ab quis aut earum.\\nVoluptatem sint accusantium sed cupiditate optio.\\nConsequatur in dolores aut enim.\\nNon sunt atque maxime dolores.\\nNam impedit sit. Est est sed itaque necessitatibus vitae officiis.\\nIusto dolores sint eveniet quasi dolore quo laborum esse laboriosam.\\nModi similique aut voluptates animi aut dicta dolorum.\\nSint explicabo autem quidem et.\\nNeque aspernatur assumenda fugit provident.","tagList":["possimus","voluptatem","cupiditate"],"createdAt":"2022-12-09T13:46:24.263Z","updatedAt":"2022-12-09T13:46:24.263Z","favorited":false,"favoritesCount":587,"author":{"username":"Anah Bene코ov치","bio":null,"image":"https://api.realworld.io/images/demo-avatar.png","following":false}},{"slug":"The-TCP-feed-is-down-compress-the-cross-platform-alarm-so-we-can-synthesize-the-XSS-array!-120863","title":"The TCP feed is down, compress the cross-platform alarm so we can synthesize the XSS array!","description":"Ut a voluptas labore et dolores magnam. Dolor deleniti dolores temporibus non autem. Voluptatibus numquam reiciendis nesciunt ipsa numquam enim. Unde velit optio quia.","body":"Totam voluptas consequatur officiis.\\nPlaceat sit nobis ut est quae dolore consequuntur vel.\\nRepudiandae ut molestias rerum occaecati quod.\\nRerum optio minus aliquid.\\nIllum et voluptas iusto molestiae nulla praesentium deserunt est voluptas. Dolorum eius dignissimos et magnam voluptate aut voluptatem natus.\\nAut sint est eum molestiae consequatur officia omnis.\\nQuae et quam odit voluptatum itaque ducimus magni dolores ab.\\nDolorum sed iure voluptatem et reiciendis. Cupiditate officia voluptatum.\\nTenetur facere eum distinctio animi qui laboriosam.\\nQuod sed voluptatem et cumque est eos.\\nSint id provident suscipit harum odio et. Iusto laborum aperiam neque delectus consequuntur provident est maiores explicabo. Cum vitae aliquam neque consequatur quia id dicta ipsam.\\nExercitationem ab eum exercitationem non alias numquam qui.\\nItaque rerum ut nobis est nam vitae exercitationem minima fugiat.\\nEst sit non tempora soluta consequatur eveniet.\\nCorporis nisi dolorem architecto voluptatem. Maiores assumenda porro est ea necessitatibus qui qui dolorum.\\nVelit suscipit ut ipsam odit aut earum. Dolorem sed neque sequi ad nulla.\\nEum tempora ut sit et ducimus.\\nVel a expedita dignissimos.\\nFacilis iste ut.\\nAd saepe doloremque possimus mollitia atque explicabo. Nisi vitae nostrum perspiciatis impedit laborum repellat ullam et ut. Fugit harum mollitia.\\nMagni eos asperiores assumenda ad. Doloribus consequatur et labore suscipit deserunt tempore ad quasi sed.\\nQuam cupiditate modi dolor et eos et culpa qui.\\nDelectus molestias ea id.\\nIllum ea unde sapiente non non non.\\nDolorem ut sed magni.","tagList":["voluptatem","omnis","aliquid","numquam"],"createdAt":"2022-12-09T13:46:24.262Z","updatedAt":"2022-12-09T13:46:24.262Z","favorited":false,"favoritesCount":44,"author":{"username":"Anah Bene코ov치","bio":null,"image":"https://api.realworld.io/images/demo-avatar.png","following":false}}],"articlesCount":197}

---------------------------------------------------------
feature: classpath:conduitApp/feature/homepage.feature
scenarios:  2 | passed:  2 | failed:  0 | time: 4.8334
---------------------------------------------------------

20:16:40.523 [pool-3-thread-1] INFO  com.intuit.karate.Suite - <<pass>> feature 2 of 2 (0 remaining) classpath:conduitApp/feature/homepage.feature
Karate version: 1.4.1
======================================================
elapsed:   4.36 | threads:    5 | thread time: 4.85 
features:     2 | skipped:    0 | efficiency: 0.22
scenarios:    3 | passed:     2 | failed: 1
======================================================
>>> failed features:
js failed:
>>>>
01: read{'classpath:helpers/CreateToken.feature'}
<<<<
org.graalvm.polyglot.PolyglotException: SyntaxError: Unnamed:1:4 Expected ; but found {
read{'classpath:helpers/CreateToken.feature'}
    ^

- org.graalvm.polyglot.Context.eval(Context.java:425)
- com.intuit.karate.graal.JsEngine.evalForValue(JsEngine.java:169)
- com.intuit.karate.graal.JsEngine.eval(JsEngine.java:165)
- com.intuit.karate.core.ScenarioEngine.evalJs(ScenarioEngine.java:1286)
- com.intuit.karate.core.ScenarioEngine.evalKarateExpression(ScenarioEngine.java:2238)
- com.intuit.karate.core.ScenarioEngine.evalKarateExpression(ScenarioEngine.java:2157)
- com.intuit.karate.core.ScenarioEngine.call(ScenarioEngine.java:1957)

classpath:conduitApp/feature/article.feature:6
<<<

HTML report: (paste into browser to view) | Karate version: 1.4.1
file:///C:/Users/reymund/Documents/temp-app-practice/myproject/target/karate-reports/karate-summary.html
===================================================================

]]></system-out>
  </testcase>
</testsuite>